Job ID: 2859646
Start time: Sun Mar 15 17:55:11 CDT 2026
Requirement already satisfied: torch>=1.9.0 in /projects/e32998/env/lib/python3.12/site-packages (from -r /home/pab1998/Code9_no_leakage/requirements.txt (line 2)) (2.9.0)
Requirement already satisfied: torchvision>=0.10.0 in /projects/e32998/env/lib/python3.12/site-packages (from -r /home/pab1998/Code9_no_leakage/requirements.txt (line 3)) (0.24.0)
Requirement already satisfied: numpy>=1.21.0 in /projects/e32998/env/lib/python3.12/site-packages (from -r /home/pab1998/Code9_no_leakage/requirements.txt (line 4)) (2.3.4)
Requirement already satisfied: pandas>=1.3.0 in /projects/e32998/env/lib/python3.12/site-packages (from -r /home/pab1998/Code9_no_leakage/requirements.txt (line 5)) (2.3.3)
Requirement already satisfied: scikit-learn>=1.0.0 in /projects/e32998/env/lib/python3.12/site-packages (from -r /home/pab1998/Code9_no_leakage/requirements.txt (line 6)) (1.8.0)
Requirement already satisfied: Pillow>=8.3.0 in /projects/e32998/env/lib/python3.12/site-packages (from -r /home/pab1998/Code9_no_leakage/requirements.txt (line 7)) (12.0.0)
Requirement already satisfied: tqdm>=4.62.0 in /projects/e32998/env/lib/python3.12/site-packages (from -r /home/pab1998/Code9_no_leakage/requirements.txt (line 8)) (4.67.1)
Requirement already satisfied: matplotlib>=3.5.0 in /projects/e32998/env/lib/python3.12/site-packages (from -r /home/pab1998/Code9_no_leakage/requirements.txt (line 11)) (3.10.7)
Requirement already satisfied: seaborn>=0.11.0 in /projects/e32998/env/lib/python3.12/site-packages (from -r /home/pab1998/Code9_no_leakage/requirements.txt (line 12)) (0.13.2)
Requirement already satisfied: optuna>=3.0.0 in /projects/e32998/env/lib/python3.12/site-packages (from -r /home/pab1998/Code9_no_leakage/requirements.txt (line 15)) (4.7.0)
Requirement already satisfied: psutil>=5.8.0 in /projects/e32998/env/lib/python3.12/site-packages (from -r /home/pab1998/Code9_no_leakage/requirements.txt (line 18)) (7.1.2)
Requirement already satisfied: imbalanced-learn>=0.8.0 in /projects/e32998/env/lib/python3.12/site-packages (from -r /home/pab1998/Code9_no_leakage/requirements.txt (line 21)) (0.14.0)
Requirement already satisfied: filelock in /projects/e32998/env/lib/python3.12/site-packages (from torch>=1.9.0->-r /home/pab1998/Code9_no_leakage/requirements.txt (line 2)) (3.20.0)
Requirement already satisfied: typing-extensions>=4.10.0 in /projects/e32998/env/lib/python3.12/site-packages (from torch>=1.9.0->-r /home/pab1998/Code9_no_leakage/requirements.txt (line 2)) (4.15.0)
Requirement already satisfied: setuptools in /projects/e32998/env/lib/python3.12/site-packages (from torch>=1.9.0->-r /home/pab1998/Code9_no_leakage/requirements.txt (line 2)) (80.9.0)
Requirement already satisfied: sympy>=1.13.3 in /projects/e32998/env/lib/python3.12/site-packages (from torch>=1.9.0->-r /home/pab1998/Code9_no_leakage/requirements.txt (line 2)) (1.14.0)
Requirement already satisfied: networkx>=2.5.1 in /projects/e32998/env/lib/python3.12/site-packages (from torch>=1.9.0->-r /home/pab1998/Code9_no_leakage/requirements.txt (line 2)) (3.5)
Requirement already satisfied: jinja2 in /projects/e32998/env/lib/python3.12/site-packages (from torch>=1.9.0->-r /home/pab1998/Code9_no_leakage/requirements.txt (line 2)) (3.1.6)
Requirement already satisfied: fsspec>=0.8.5 in /projects/e32998/env/lib/python3.12/site-packages (from torch>=1.9.0->-r /home/pab1998/Code9_no_leakage/requirements.txt (line 2)) (2025.9.0)
Requirement already satisfied: nvidia-cuda-nvrtc-cu12==12.8.93 in /projects/e32998/env/lib/python3.12/site-packages (from torch>=1.9.0->-r /home/pab1998/Code9_no_leakage/requirements.txt (line 2)) (12.8.93)
Requirement already satisfied: nvidia-cuda-runtime-cu12==12.8.90 in /projects/e32998/env/lib/python3.12/site-packages (from torch>=1.9.0->-r /home/pab1998/Code9_no_leakage/requirements.txt (line 2)) (12.8.90)
Requirement already satisfied: nvidia-cuda-cupti-cu12==12.8.90 in /projects/e32998/env/lib/python3.12/site-packages (from torch>=1.9.0->-r /home/pab1998/Code9_no_leakage/requirements.txt (line 2)) (12.8.90)
Requirement already satisfied: nvidia-cudnn-cu12==9.10.2.21 in /projects/e32998/env/lib/python3.12/site-packages (from torch>=1.9.0->-r /home/pab1998/Code9_no_leakage/requirements.txt (line 2)) (9.10.2.21)
Requirement already satisfied: nvidia-cublas-cu12==12.8.4.1 in /projects/e32998/env/lib/python3.12/site-packages (from torch>=1.9.0->-r /home/pab1998/Code9_no_leakage/requirements.txt (line 2)) (12.8.4.1)
Requirement already satisfied: nvidia-cufft-cu12==11.3.3.83 in /projects/e32998/env/lib/python3.12/site-packages (from torch>=1.9.0->-r /home/pab1998/Code9_no_leakage/requirements.txt (line 2)) (11.3.3.83)
Requirement already satisfied: nvidia-curand-cu12==10.3.9.90 in /projects/e32998/env/lib/python3.12/site-packages (from torch>=1.9.0->-r /home/pab1998/Code9_no_leakage/requirements.txt (line 2)) (10.3.9.90)
Requirement already satisfied: nvidia-cusolver-cu12==11.7.3.90 in /projects/e32998/env/lib/python3.12/site-packages (from torch>=1.9.0->-r /home/pab1998/Code9_no_leakage/requirements.txt (line 2)) (11.7.3.90)
Requirement already satisfied: nvidia-cusparse-cu12==12.5.8.93 in /projects/e32998/env/lib/python3.12/site-packages (from torch>=1.9.0->-r /home/pab1998/Code9_no_leakage/requirements.txt (line 2)) (12.5.8.93)
Requirement already satisfied: nvidia-cusparselt-cu12==0.7.1 in /projects/e32998/env/lib/python3.12/site-packages (from torch>=1.9.0->-r /home/pab1998/Code9_no_leakage/requirements.txt (line 2)) (0.7.1)
Requirement already satisfied: nvidia-nccl-cu12==2.27.5 in /projects/e32998/env/lib/python3.12/site-packages (from torch>=1.9.0->-r /home/pab1998/Code9_no_leakage/requirements.txt (line 2)) (2.27.5)
Requirement already satisfied: nvidia-nvshmem-cu12==3.3.20 in /projects/e32998/env/lib/python3.12/site-packages (from torch>=1.9.0->-r /home/pab1998/Code9_no_leakage/requirements.txt (line 2)) (3.3.20)
Requirement already satisfied: nvidia-nvtx-cu12==12.8.90 in /projects/e32998/env/lib/python3.12/site-packages (from torch>=1.9.0->-r /home/pab1998/Code9_no_leakage/requirements.txt (line 2)) (12.8.90)
Requirement already satisfied: nvidia-nvjitlink-cu12==12.8.93 in /projects/e32998/env/lib/python3.12/site-packages (from torch>=1.9.0->-r /home/pab1998/Code9_no_leakage/requirements.txt (line 2)) (12.8.93)
Requirement already satisfied: nvidia-cufile-cu12==1.13.1.3 in /projects/e32998/env/lib/python3.12/site-packages (from torch>=1.9.0->-r /home/pab1998/Code9_no_leakage/requirements.txt (line 2)) (1.13.1.3)
Requirement already satisfied: triton==3.5.0 in /projects/e32998/env/lib/python3.12/site-packages (from torch>=1.9.0->-r /home/pab1998/Code9_no_leakage/requirements.txt (line 2)) (3.5.0)
Requirement already satisfied: python-dateutil>=2.8.2 in /projects/e32998/env/lib/python3.12/site-packages (from pandas>=1.3.0->-r /home/pab1998/Code9_no_leakage/requirements.txt (line 5)) (2.9.0.post0)
Requirement already satisfied: pytz>=2020.1 in /projects/e32998/env/lib/python3.12/site-packages (from pandas>=1.3.0->-r /home/pab1998/Code9_no_leakage/requirements.txt (line 5)) (2025.2)
Requirement already satisfied: tzdata>=2022.7 in /projects/e32998/env/lib/python3.12/site-packages (from pandas>=1.3.0->-r /home/pab1998/Code9_no_leakage/requirements.txt (line 5)) (2025.2)
Requirement already satisfied: scipy>=1.10.0 in /projects/e32998/env/lib/python3.12/site-packages (from scikit-learn>=1.0.0->-r /home/pab1998/Code9_no_leakage/requirements.txt (line 6)) (1.16.3)
Requirement already satisfied: joblib>=1.3.0 in /projects/e32998/env/lib/python3.12/site-packages (from scikit-learn>=1.0.0->-r /home/pab1998/Code9_no_leakage/requirements.txt (line 6)) (1.5.2)
Requirement already satisfied: threadpoolctl>=3.2.0 in /projects/e32998/env/lib/python3.12/site-packages (from scikit-learn>=1.0.0->-r /home/pab1998/Code9_no_leakage/requirements.txt (line 6)) (3.6.0)
Requirement already satisfied: contourpy>=1.0.1 in /projects/e32998/env/lib/python3.12/site-packages (from matplotlib>=3.5.0->-r /home/pab1998/Code9_no_leakage/requirements.txt (line 11)) (1.3.3)
Requirement already satisfied: cycler>=0.10 in /projects/e32998/env/lib/python3.12/site-packages (from matplotlib>=3.5.0->-r /home/pab1998/Code9_no_leakage/requirements.txt (line 11)) (0.12.1)
Requirement already satisfied: fonttools>=4.22.0 in /projects/e32998/env/lib/python3.12/site-packages (from matplotlib>=3.5.0->-r /home/pab1998/Code9_no_leakage/requirements.txt (line 11)) (4.60.1)
Requirement already satisfied: kiwisolver>=1.3.1 in /projects/e32998/env/lib/python3.12/site-packages (from matplotlib>=3.5.0->-r /home/pab1998/Code9_no_leakage/requirements.txt (line 11)) (1.4.9)
Requirement already satisfied: packaging>=20.0 in /projects/e32998/env/lib/python3.12/site-packages (from matplotlib>=3.5.0->-r /home/pab1998/Code9_no_leakage/requirements.txt (line 11)) (25.0)
Requirement already satisfied: pyparsing>=3 in /projects/e32998/env/lib/python3.12/site-packages (from matplotlib>=3.5.0->-r /home/pab1998/Code9_no_leakage/requirements.txt (line 11)) (3.2.5)
Requirement already satisfied: alembic>=1.5.0 in /projects/e32998/env/lib/python3.12/site-packages (from optuna>=3.0.0->-r /home/pab1998/Code9_no_leakage/requirements.txt (line 15)) (1.18.3)
Requirement already satisfied: colorlog in /projects/e32998/env/lib/python3.12/site-packages (from optuna>=3.0.0->-r /home/pab1998/Code9_no_leakage/requirements.txt (line 15)) (6.10.1)
Requirement already satisfied: sqlalchemy>=1.4.2 in /projects/e32998/env/lib/python3.12/site-packages (from optuna>=3.0.0->-r /home/pab1998/Code9_no_leakage/requirements.txt (line 15)) (2.0.46)
Requirement already satisfied: PyYAML in /projects/e32998/env/lib/python3.12/site-packages (from optuna>=3.0.0->-r /home/pab1998/Code9_no_leakage/requirements.txt (line 15)) (6.0.3)
Requirement already satisfied: Mako in /projects/e32998/env/lib/python3.12/site-packages (from alembic>=1.5.0->optuna>=3.0.0->-r /home/pab1998/Code9_no_leakage/requirements.txt (line 15)) (1.3.10)
Requirement already satisfied: six>=1.5 in /projects/e32998/env/lib/python3.12/site-packages (from python-dateutil>=2.8.2->pandas>=1.3.0->-r /home/pab1998/Code9_no_leakage/requirements.txt (line 5)) (1.17.0)
Requirement already satisfied: greenlet>=1 in /projects/e32998/env/lib/python3.12/site-packages (from sqlalchemy>=1.4.2->optuna>=3.0.0->-r /home/pab1998/Code9_no_leakage/requirements.txt (line 15)) (3.3.1)
Requirement already satisfied: mpmath<1.4,>=1.1.0 in /projects/e32998/env/lib/python3.12/site-packages (from sympy>=1.13.3->torch>=1.9.0->-r /home/pab1998/Code9_no_leakage/requirements.txt (line 2)) (1.3.0)
Requirement already satisfied: MarkupSafe>=2.0 in /projects/e32998/env/lib/python3.12/site-packages (from jinja2->torch>=1.9.0->-r /home/pab1998/Code9_no_leakage/requirements.txt (line 2)) (3.0.3)
Requirement already satisfied: certifi in /projects/e32998/env/lib/python3.12/site-packages (2026.2.25)
Random seed set to 42
Using GPU: NVIDIA A100-SXM4-80GB
Created run directory: /projects/e32998/MIL_training/final_runs/run_20260315_175546
================================================================================
HIERARCHICAL ATTENTION MIL TRAINING
================================================================================
Arguments: {'labels_csv': '/projects/e32998/STAT390_Krish/Code/Code4_reduce_runtime/extra_benign_case_grade_match.csv', 'patches_dir': '/projects/e32998/patches_benign_split', 'epochs': 30, 'lr': 5.225e-05, 'batch_size': 1, 'num_workers': 2, 'embed_dim': 512, 'per_slice_cap': 500, 'max_slices_per_stain': 5, 'seed': 42, 'resume': None, 'eval_only': False, 'analyze_attention': True, 'attention_top_n': 8, 'load_splits': '/home/pab1998/Code9_no_leakage/no_train_val_leakage_splits/data_splits_new_03.npz', 'checkpoint_dir': '/projects/e32998/MIL_training/final_runs/run_20260315_175546/checkpoints'}
Training config (may be overridden by arguments): {'epochs': 30, 'batch_size': 1, 'learning_rate': 5.225e-05, 'weight_decay': 0.0004696, 'num_workers': 2, 'pin_memory': True, 'random_state': 42, 'class_weights': [2.136586, 1.0], 'patch_proj_dropout': 0.51101, 'classifier_dropout': 0.198204, 'use_scheduler': True, 'scheduler_type': 'reduce_on_plateau', 'scheduler_patience': 4, 'scheduler_factor': 0.2139, 'scheduler_min_lr': 1e-06, 'early_stopping': True, 'early_stopping_patience': 8, 'early_stopping_min_delta': 0.001, 'early_stopping_min_epochs': 10, 'use_patch_entropy_regularization': True, 'patch_entropy_lambda': 0.0009976, 'patch_entropy_mode': 'max', 'patch_entropy_eps': 1e-08, 'normalize_patch_entropy': True}
============================================================
PREPARING DATA
============================================================
Loaded 118 labels
Found 83630 patch files
All 3808 non-standard file names were handled.
Grouped into 383 slices
Mapped 371 slices to classes
Class distribution: {1: 238, 0: 133}

----------------------------------------
SPLITTING DATA
----------------------------------------
Loading existing splits from: /home/pab1998/Code9_no_leakage/no_train_val_leakage_splits/data_splits_new_03.npz
Data splits loaded from: /home/pab1998/Code9_no_leakage/no_train_val_leakage_splits/data_splits_new_03.npz
Loaded splits - Train: 197, Val: 67, Test: 107
Cases per split: 55 19 19
Paths per split: 42291 15481 22269
No leakage between train & val (cases).
No leakage between train & test (cases).
No leakage between val & test (cases).
No leakage between train & val (paths).
No leakage between train & test (paths).
No leakage between val & test (paths).

Data Summary:
==================================================

Label distribution per split:
label   0   1
split        
test    7  12
train  21  34
val     7  12

Mean patches per stain per split:
       h&e_patches  melan_patches  sox10_patches
split                                           
test         559.1          337.4          275.6
train        394.7          200.2          174.0
val          387.2          242.0          185.6

Median patches per stain per split:
       h&e_patches  melan_patches  sox10_patches
split                                           
test         414.0          236.0          162.0
train        313.0          175.0          153.0
val          328.0          192.0          128.0

Missing stain proportion:
       h&e_missing  melan_missing  sox10_missing
split                                           
test           0.0          0.000          0.000
train          0.0          0.018          0.018
val            0.0          0.053          0.053

Total cases: 93
Total patches: 80,041
==================================================

Patch count by class for Train:
  Benign (0):     14210 patches
  High-grade (1): 28081 patches

Patch count by class for Validation:
  Benign (0):     6209 patches
  High-grade (1): 9272 patches

Patch count by class for Test:
  Benign (0):     5361 patches
  High-grade (1): 16908 patches

Data Integrity Check for Train:
Stain coverage:
  h&e: 55/55 (100.0%)
  melan: 54/55 (98.2%)
  sox10: 54/55 (98.2%)
No issues found

Data Integrity Check for Validation:
Stain coverage:
  h&e: 19/19 (100.0%)
  melan: 18/19 (94.7%)
  sox10: 18/19 (94.7%)
No issues found

Data Integrity Check for Test:
Stain coverage:
  h&e: 19/19 (100.0%)
  melan: 19/19 (100.0%)
  sox10: 19/19 (100.0%)
No issues found
Using existing splits from: /home/pab1998/Code9_no_leakage/no_train_val_leakage_splits/data_splits_new_03.npz

============================================================
CREATING DATA LOADERS (POOLED FEATURES)
============================================================
Created data loaders - Train: 55, Val: 19, Test: 19

============================================================
CREATING MODEL
============================================================

Model Summary:
==================================================
Total parameters: 2,493,061
Trainable parameters: 2,493,061
Model size: 9.51 MB
==================================================

============================================================
TRAINING MODEL
============================================================
Starting training from epoch 1 to 30
Device: cuda
Model parameters: 2,493,061
LR scheduler: ReduceLROnPlateau
Patch entropy regularization enabled (lambda=0.0009976, mode=max, normalize=True) -> maximize entropy (smoother attention)
Early stopping enabled (patience=8, min_delta=0.001, min_epochs=10)

Epoch 1/30 (LR: 5.23e-05)
Train Loss: 0.6909 | Train CE: 0.6919 | Train Patch Entropy: 0.9977 | Val Loss: 0.6485 | Val Acc: 0.5789
Epoch Time: 25.11s
New best validation loss: 0.6485
Checkpoint saved: /projects/e32998/MIL_training/final_runs/run_20260315_175546/checkpoints/20260315_175619_HierarchicalAttnMIL_epoch1.pth
Best checkpoint updated: /projects/e32998/MIL_training/final_runs/run_20260315_175546/checkpoints/best.pth

Epoch 2/30 (LR: 5.23e-05)
Train Loss: 0.4502 | Train CE: 0.4512 | Train Patch Entropy: 0.9960 | Val Loss: 0.4237 | Val Acc: 0.7895
Epoch Time: 24.52s
New best validation loss: 0.4237
Checkpoint saved: /projects/e32998/MIL_training/final_runs/run_20260315_175546/checkpoints/20260315_175643_HierarchicalAttnMIL_epoch2.pth
Best checkpoint updated: /projects/e32998/MIL_training/final_runs/run_20260315_175546/checkpoints/best.pth

Epoch 3/30 (LR: 5.23e-05)
Train Loss: 0.2744 | Train CE: 0.2754 | Train Patch Entropy: 0.9936 | Val Loss: 0.5335 | Val Acc: 0.6842
Epoch Time: 24.23s
No improvement for 1 epoch(s)
Checkpoint saved: /projects/e32998/MIL_training/final_runs/run_20260315_175546/checkpoints/20260315_175708_HierarchicalAttnMIL_epoch3.pth

Epoch 4/30 (LR: 5.23e-05)
Train Loss: 0.1592 | Train CE: 0.1602 | Train Patch Entropy: 0.9884 | Val Loss: 0.3011 | Val Acc: 0.7895
Epoch Time: 23.80s
New best validation loss: 0.3011
Checkpoint saved: /projects/e32998/MIL_training/final_runs/run_20260315_175546/checkpoints/20260315_175732_HierarchicalAttnMIL_epoch4.pth
Best checkpoint updated: /projects/e32998/MIL_training/final_runs/run_20260315_175546/checkpoints/best.pth

Epoch 5/30 (LR: 5.23e-05)
Train Loss: 0.1835 | Train CE: 0.1845 | Train Patch Entropy: 0.9783 | Val Loss: 0.3257 | Val Acc: 0.8421
Epoch Time: 23.66s
No improvement for 1 epoch(s)
Checkpoint saved: /projects/e32998/MIL_training/final_runs/run_20260315_175546/checkpoints/20260315_175755_HierarchicalAttnMIL_epoch5.pth

Epoch 6/30 (LR: 5.23e-05)
Train Loss: 0.0768 | Train CE: 0.0778 | Train Patch Entropy: 0.9678 | Val Loss: 0.2421 | Val Acc: 0.8947
Epoch Time: 23.46s
New best validation loss: 0.2421
Checkpoint saved: /projects/e32998/MIL_training/final_runs/run_20260315_175546/checkpoints/20260315_175819_HierarchicalAttnMIL_epoch6.pth
Best checkpoint updated: /projects/e32998/MIL_training/final_runs/run_20260315_175546/checkpoints/best.pth

Epoch 7/30 (LR: 5.23e-05)
Train Loss: 0.0522 | Train CE: 0.0532 | Train Patch Entropy: 0.9562 | Val Loss: 0.4986 | Val Acc: 0.7895
Epoch Time: 24.05s
No improvement for 1 epoch(s)
Checkpoint saved: /projects/e32998/MIL_training/final_runs/run_20260315_175546/checkpoints/20260315_175843_HierarchicalAttnMIL_epoch7.pth

Epoch 8/30 (LR: 5.23e-05)
Train Loss: 0.0337 | Train CE: 0.0346 | Train Patch Entropy: 0.9370 | Val Loss: 0.1936 | Val Acc: 0.8421
Epoch Time: 23.21s
New best validation loss: 0.1936
Checkpoint saved: /projects/e32998/MIL_training/final_runs/run_20260315_175546/checkpoints/20260315_175906_HierarchicalAttnMIL_epoch8.pth
Best checkpoint updated: /projects/e32998/MIL_training/final_runs/run_20260315_175546/checkpoints/best.pth

Epoch 9/30 (LR: 5.23e-05)
Train Loss: 0.0115 | Train CE: 0.0125 | Train Patch Entropy: 0.9239 | Val Loss: 0.2619 | Val Acc: 0.8947
Epoch Time: 24.25s
No improvement for 1 epoch(s)
Checkpoint saved: /projects/e32998/MIL_training/final_runs/run_20260315_175546/checkpoints/20260315_175931_HierarchicalAttnMIL_epoch9.pth

Epoch 10/30 (LR: 5.23e-05)
Train Loss: 0.0073 | Train CE: 0.0082 | Train Patch Entropy: 0.9170 | Val Loss: 0.3382 | Val Acc: 0.8421
Epoch Time: 23.99s
No improvement for 2 epoch(s)
Checkpoint saved: /projects/e32998/MIL_training/final_runs/run_20260315_175546/checkpoints/20260315_175955_HierarchicalAttnMIL_epoch10.pth

Epoch 11/30 (LR: 5.23e-05)
Train Loss: 0.0029 | Train CE: 0.0039 | Train Patch Entropy: 0.9131 | Val Loss: 0.2891 | Val Acc: 0.8947
Epoch Time: 23.38s
No improvement for 3 epoch(s)
Checkpoint saved: /projects/e32998/MIL_training/final_runs/run_20260315_175546/checkpoints/20260315_180018_HierarchicalAttnMIL_epoch11.pth

Epoch 12/30 (LR: 5.23e-05)
Train Loss: 0.0031 | Train CE: 0.0040 | Train Patch Entropy: 0.9112 | Val Loss: 0.3102 | Val Acc: 0.8421
Epoch Time: 23.73s
No improvement for 4 epoch(s)
Checkpoint saved: /projects/e32998/MIL_training/final_runs/run_20260315_175546/checkpoints/20260315_180042_HierarchicalAttnMIL_epoch12.pth

Epoch 13/30 (LR: 5.23e-05)
Train Loss: 0.0015 | Train CE: 0.0024 | Train Patch Entropy: 0.9096 | Val Loss: 0.3184 | Val Acc: 0.8421
Epoch Time: 24.46s
No improvement for 5 epoch(s)
Checkpoint saved: /projects/e32998/MIL_training/final_runs/run_20260315_175546/checkpoints/20260315_180106_HierarchicalAttnMIL_epoch13.pth

Epoch 14/30 (LR: 1.12e-05)
Train Loss: 0.0013 | Train CE: 0.0023 | Train Patch Entropy: 0.9091 | Val Loss: 0.2987 | Val Acc: 0.8421
Epoch Time: 23.92s
No improvement for 6 epoch(s)
Checkpoint saved: /projects/e32998/MIL_training/final_runs/run_20260315_175546/checkpoints/20260315_180130_HierarchicalAttnMIL_epoch14.pth

Epoch 15/30 (LR: 1.12e-05)
Train Loss: 0.0009 | Train CE: 0.0018 | Train Patch Entropy: 0.9075 | Val Loss: 0.2999 | Val Acc: 0.8421
Epoch Time: 23.32s
No improvement for 7 epoch(s)
Checkpoint saved: /projects/e32998/MIL_training/final_runs/run_20260315_175546/checkpoints/20260315_180154_HierarchicalAttnMIL_epoch15.pth

Epoch 16/30 (LR: 1.12e-05)
Train Loss: 0.0009 | Train CE: 0.0018 | Train Patch Entropy: 0.9081 | Val Loss: 0.2808 | Val Acc: 0.8947
Epoch Time: 23.80s
No improvement for 8 epoch(s)
Checkpoint saved: /projects/e32998/MIL_training/final_runs/run_20260315_175546/checkpoints/20260315_180217_HierarchicalAttnMIL_epoch16.pth

Early stopping triggered at epoch 16. Best val loss: 0.1936

Training completed!

============================================================
EVALUATING MODEL
============================================================

Test Results:
  Test Loss: 1.1586
  Test Acc:  0.7895
  Samples:   19
Predictions saved to: /projects/e32998/MIL_training/final_runs/run_20260315_175546/predictions.csv
Confusion matrix saved to: /projects/e32998/MIL_training/final_runs/run_20260315_175546/confusion_matrix.png

============================================================
ATTENTION ANALYSIS
============================================================
Attention summary saved to: /projects/e32998/MIL_training/final_runs/run_20260315_175546/attention_analysis/attention_summary.txt
Per-case effective patch attention distributions saved.
Per-case & per-stain slice attention rank plots saved to: /projects/e32998/MIL_training/final_runs/run_20260315_175546/attention_analysis/slice_attention
Per-case top 5.0% effective patches CSV saved to: /projects/e32998/MIL_training/final_runs/run_20260315_175546/attention_analysis/top_effective_patches_per_case_5.0pct.csv
Per-case top 5.0% summary saved to: /projects/e32998/MIL_training/final_runs/run_20260315_175546/attention_analysis/top_effective_patches_per_case_summary_5.0pct.txt
Attention analysis saved to: /projects/e32998/MIL_training/final_runs/run_20260315_175546/attention_analysis

Results saved to: /projects/e32998/MIL_training/final_runs/run_20260315_175546

Total execution time: 623.32s (0.17 hours)
Training completed successfully!
